2018-02-05 18:19:35 INFO  sqlite.TMSDeviceUpdater:284  - Connection to SQLite has been established.
2018-02-05 18:19:35 INFO  sqlite.TMSDeviceUpdater:72  - DeviceDetails Table dropped: false
2018-02-05 18:19:35 INFO  sqlite.TMSDeviceUpdater:83  - Table DeviceDetails is already exists
2018-02-05 18:19:35 INFO  sqlite.TMSDeviceUpdater:89  - TireDetails Table dropped: false
2018-02-05 18:19:35 INFO  sqlite.TMSDeviceUpdater:99  - Table TireDetails is already exists
2018-02-05 18:19:35 INFO  sqlite.TMSDeviceUpdater:106  - Report_data_master Table dropped: false
2018-02-05 18:19:35 INFO  sqlite.TMSDeviceUpdater:117  - Table Report_data_master is already exists
2018-02-05 18:19:35 INFO  sqlite.TMSDeviceUpdater:122  - Report_data_child Table dropped: false
2018-02-05 18:19:35 INFO  sqlite.TMSDeviceUpdater:134  - Table Report_data_child is already exists
2018-02-05 18:19:35 INFO  sqlite.TMSDeviceUpdater:144  - DB connection closed
2018-02-05 18:19:35 INFO  sqlite.TMSDeviceUpdater:207  - <<<<<<<<<<<<<<<<<<< beep Mon Feb 05 18:19:35 IST 2018
2018-02-05 18:19:35 INFO  sqlite.TMSDeviceUpdater:248  - Call Device Details API @ Fri Jan 01 00:00:00 IST 2010
2018-02-05 18:19:37 INFO  sqlite.TMSDeviceUpdater:267  - Vehicle details are updated - Size: 97
2018-02-05 18:19:37 INFO  sqlite.TMSDeviceUpdater:284  - Connection to SQLite has been established.
2018-02-05 18:19:49 INFO  sqlite.TMSDeviceUpdater:341  - DB connection closed
2018-02-05 18:19:49 INFO  sqlite.TMSDeviceUpdater:219  - Call Tire Details API @ Fri Jan 01 00:00:00 IST 2010
2018-02-05 18:19:50 INFO  sqlite.TMSDeviceUpdater:238  - Tire detials are updated- Size: 584
2018-02-05 18:19:50 INFO  sqlite.TMSDeviceUpdater:284  - Connection to SQLite has been established.
2018-02-05 18:21:05 INFO  sqlite.TMSDeviceUpdater:437  - DB connection closed
2018-02-05 18:21:05 INFO  sqlite.TMSDeviceUpdater:214  - last updated device date time is: Mon Feb 05 18:19:35 IST 2018
2018-02-05 18:21:35 INFO  sqlite.TMSDeviceUpdater:207  - <<<<<<<<<<<<<<<<<<< beep Mon Feb 05 18:21:35 IST 2018
2018-02-05 18:21:35 INFO  sqlite.TMSDeviceUpdater:248  - Call Device Details API @ Mon Feb 05 18:19:35 IST 2018
2018-02-05 18:21:37 INFO  sqlite.TMSDeviceUpdater:219  - Call Tire Details API @ Mon Feb 05 18:19:35 IST 2018
2018-02-05 18:21:38 INFO  sqlite.TMSDeviceUpdater:214  - last updated device date time is: Mon Feb 05 18:21:35 IST 2018
2018-02-05 18:23:35 INFO  sqlite.TMSDeviceUpdater:207  - <<<<<<<<<<<<<<<<<<< beep Mon Feb 05 18:23:35 IST 2018
2018-02-05 18:23:35 INFO  sqlite.TMSDeviceUpdater:248  - Call Device Details API @ Mon Feb 05 18:21:35 IST 2018
2018-02-05 18:23:37 INFO  sqlite.TMSDeviceUpdater:219  - Call Tire Details API @ Mon Feb 05 18:21:35 IST 2018
2018-02-05 18:23:38 INFO  sqlite.TMSDeviceUpdater:214  - last updated device date time is: Mon Feb 05 18:23:35 IST 2018
2018-02-05 18:25:35 INFO  sqlite.TMSDeviceUpdater:207  - <<<<<<<<<<<<<<<<<<< beep Mon Feb 05 18:25:35 IST 2018
2018-02-05 18:25:35 INFO  sqlite.TMSDeviceUpdater:248  - Call Device Details API @ Mon Feb 05 18:23:35 IST 2018
2018-02-05 18:25:37 INFO  sqlite.TMSDeviceUpdater:219  - Call Tire Details API @ Mon Feb 05 18:23:35 IST 2018
2018-02-05 18:25:37 INFO  sqlite.TMSDeviceUpdater:214  - last updated device date time is: Mon Feb 05 18:25:35 IST 2018
